[I 200406 21:32:47 web:2162] 304 GET /?url=http://www.o-k.la (127.0.0.1) 1.42ms
/opt/lampp/htdocs/zSnapshot/images/, http://sinacloud.net, unpa2hkneP2ZVXJjxBua, b8d54a065cadb6e54e7ea29f49244001c0a360c5, hizuzi, blog
#INFO: data, http://www.o-k.la
('#INFO: url is ', u'http://www.o-k.la')
('#INFO: res_list is ', "[u'http://www.o-k.la/lf.jpg', u'http://www.o-k.la/lf.png', u'http://www.o-k.la/bulb_0.png', u'http://www.o-k.la/lf.jpg', u'http://okla-okla.stor.sinaapp.com/public/xd.jpg', u'http://okla-okla.stor.sinaapp.com/public/txwz.jpg', u'http://okla-okla.stor.sinaapp.com/public/douban.jpg', u'http://okla-okla.stor.sinaapp.com/public/zh.jpeg', u'http://okla-okla.stor.sinaapp.com/public/jianshu.jpeg', u'http://okla-okla.stor.sinaapp.com/public/niao.png', u'http://okla-okla.stor.sinaapp.com/public/ruan.png', u'http://okla-okla.stor.sinaapp.com/public/yin.jpg', u'https://blog.codingnow.com/favicon.ico', u'http://okla-okla.stor.sinaapp.com/public/4g.png', u'http://okla-okla.stor.sinaapp.com/public/fengxue.png', u'https://www.liaoxuefeng.com/favicon.ico', u'http://www.o-k.la/gua.gif', u'http://gmpg.org/xfn/11', u'http://www.o-k.la/wp-content/themes/mrz/style.css', u'http://www.o-k.la/xmlrpc.php', u'http://www.o-k.la/feed', u'http://www.o-k.la/comments/feed', u'http://www.o-k.la/wp-content/plugins/easy-video-player/lib/skin/skin.css?ver=4.5.20', u'http://www.o-k.la/wp-content/plugins/wp-syntax/css/wp-syntax.css?ver=1.0', u'http://www.o-k.la/wp-content/plugins/wp-pagenavi/pagenavi-css.css?ver=2.70', u'http://www.o-k.la/wp-json/', u'http://www.o-k.la/xmlrpc.php?rsd', u'http://www.o-k.la/wp-includes/wlwmanifest.xml', u'http://www.o-k.la/wp-content/plugins/z-gallery/css/z-gallery.css', u'http://www.o-k.la/wp-content/uploads/2017/09/cropped-lf-32x32.png', u'http://www.o-k.la/wp-content/uploads/2017/09/cropped-lf-192x192.png', u'http://www.o-k.la/wp-content/uploads/2017/09/cropped-lf-180x180.png', u'http://www.o-k.la/proj/fang/fang.css', u'http://www.o-k.la/wp-includes/js/jquery/jquery.js?ver=1.12.4', u'http://www.o-k.la/wp-includes/js/jquery/jquery-migrate.min.js?ver=1.4.1', u'http://www.o-k.la/wp-content/plugins/easy-video-player/lib/flowplayer.min.js?ver=4.5.20', u'http://www.o-k.la/wp-content/plugins/audio-player/assets/audio-player.js?ver=2.0.4.6', u'https://cdn.bootcss.com/jquery/2.2.3/jquery.js', u'http://www.o-k.la/lab/js/bing_img_api.js', u'http://www.o-k.la/lab/js/fang.js', u'http://www.o-k.la/lab/js/z_video_resize.js', u'http://www.o-k.la/wp-content/plugins/syntaxhighlighter/syntaxhighlighter2/scripts/shCore.js?ver=2.1.364', u'http://www.o-k.la/wp-content/plugins/syntaxhighlighter/syntaxhighlighter2/scripts/shBrushAS3.js?ver=2.1.364', u'http://www.o-k.la/wp-content/plugins/syntaxhighlighter/syntaxhighlighter2/scripts/shBrushBash.js?ver=2.1.364', u'http://www.o-k.la/wp-content/plugins/syntaxhighlighter/syntaxhighlighter2/scripts/shBrushColdFusion.js?ver=2.1.364', u'http://www.o-k.la/wp-content/plugins/syntaxhighlighter/third-party-brushes/shBrushClojure.js?ver=20090602', u'http://www.o-k.la/wp-content/plugins/syntaxhighlighter/syntaxhighlighter2/scripts/shBrushCpp.js?ver=2.1.364', u'http://www.o-k.la/wp-content/plugins/syntaxhighlighter/syntaxhighlighter2/scripts/shBrushCSharp.js?ver=2.1.364', u'http://www.o-k.la/wp-content/plugins/syntaxhighlighter/syntaxhighlighter2/scripts/shBrushCss.js?ver=2.1.364', u'http://www.o-k.la/wp-content/plugins/syntaxhighlighter/syntaxhighlighter2/scripts/shBrushDelphi.js?ver=2.1.364', u'http://www.o-k.la/wp-content/plugins/syntaxhighlighter/syntaxhighlighter2/scripts/shBrushDiff.js?ver=2.1.364', u'http://www.o-k.la/wp-content/plugins/syntaxhighlighter/syntaxhighlighter2/scripts/shBrushErlang.js?ver=2.1.364', u'http://www.o-k.la/wp-content/plugins/syntaxhighlighter/third-party-brushes/shBrushFSharp.js?ver=20091003', u'http://www.o-k.la/wp-content/plugins/syntaxhighlighter/syntaxhighlighter2/scripts/shBrushGroovy.js?ver=2.1.364', u'http://www.o-k.la/wp-content/plugins/syntaxhighlighter/syntaxhighlighter2/scripts/shBrushJava.js?ver=2.1.364', u'http://www.o-k.la/wp-content/plugins/syntaxhighlighter/syntaxhighlighter2/scripts/shBrushJavaFX.js?ver=2.1.364', u'http://www.o-k.la/wp-content/plugins/syntaxhighlighter/syntaxhighlighter2/scripts/shBrushJScript.js?ver=2.1.364', u'http://www.o-k.la/wp-content/plugins/syntaxhighlighter/third-party-brushes/shBrushLatex.js?ver=20090613', u'http://www.o-k.la/wp-content/plugins/syntaxhighlighter/third-party-brushes/shBrushMatlabKey.js?ver=20091209', u'http://www.o-k.la/wp-content/plugins/syntaxhighlighter/third-party-brushes/shBrushObjC.js?ver=20091207', u'http://www.o-k.la/wp-content/plugins/syntaxhighlighter/syntaxhighlighter2/scripts/shBrushPerl.js?ver=2.1.364', u'http://www.o-k.la/wp-content/plugins/syntaxhighlighter/syntaxhighlighter2/scripts/shBrushPhp.js?ver=2.1.364', u'http://www.o-k.la/wp-content/plugins/syntaxhighlighter/syntaxhighlighter2/scripts/shBrushPlain.js?ver=2.1.364', u'http://www.o-k.la/wp-content/plugins/syntaxhighlighter/syntaxhighlighter2/scripts/shBrushPowerShell.js?ver=2.1.364', u'http://www.o-k.la/wp-content/plugins/syntaxhighlighter/syntaxhighlighter2/scripts/shBrushPython.js?ver=2.1.364', u'http://www.o-k.la/wp-content/plugins/syntaxhighlighter/third-party-brushes/shBrushR.js?ver=20100919', u'http://www.o-k.la/wp-content/plugins/syntaxhighlighter/syntaxhighlighter2/scripts/shBrushRuby.js?ver=2.1.364', u'http://www.o-k.la/wp-content/plugins/syntaxhighlighter/syntaxhighlighter2/scripts/shBrushScala.js?ver=2.1.364', u'http://www.o-k.la/wp-content/plugins/syntaxhighlighter/syntaxhighlighter2/scripts/shBrushSql.js?ver=2.1.364', u'http://www.o-k.la/wp-content/plugins/syntaxhighlighter/syntaxhighlighter2/scripts/shBrushVb.js?ver=2.1.364', u'http://www.o-k.la/wp-content/plugins/syntaxhighlighter/syntaxhighlighter2/scripts/shBrushXml.js?ver=2.1.364', u'http://www.o-k.la/wp-includes/js/wp-embed.min.js?ver=4.5.20']")
('#INFO: save_file, ', u'http://www.o-k.la/lf.jpg', u'lf.jpg')
('#INFO: save_file, ', u'http://www.o-k.la/lf.png', u'lf.png')
('#INFO: save_file, ', u'http://www.o-k.la/bulb_0.png', u'bulb_0.png')
('#INFO: save_file, ', u'http://www.o-k.la/lf.jpg', u'lf.jpg')
('#INFO: save_file, ', u'http://okla-okla.stor.sinaapp.com/public/xd.jpg', u'xd.jpg')
('#INFO: save_file, ', u'http://okla-okla.stor.sinaapp.com/public/txwz.jpg', u'txwz.jpg')
('#INFO: save_file, ', u'http://okla-okla.stor.sinaapp.com/public/douban.jpg', u'douban.jpg')
('#INFO: save_file, ', u'http://okla-okla.stor.sinaapp.com/public/zh.jpeg', u'zh.jpeg')
('#INFO: save_file, ', u'http://okla-okla.stor.sinaapp.com/public/jianshu.jpeg', u'jianshu.jpeg')
('#INFO: save_file, ', u'http://okla-okla.stor.sinaapp.com/public/niao.png', u'niao.png')
('#INFO: save_file, ', u'http://okla-okla.stor.sinaapp.com/public/ruan.png', u'ruan.png')
('#INFO: save_file, ', u'http://okla-okla.stor.sinaapp.com/public/yin.jpg', u'yin.jpg')
('#INFO: save_file, ', u'https://blog.codingnow.com/favicon.ico', u'favicon.ico')
('#INFO: save_file, ', u'http://okla-okla.stor.sinaapp.com/public/4g.png', u'4g.png')
('#INFO: save_file, ', u'http://okla-okla.stor.sinaapp.com/public/fengxue.png', u'fengxue.png')
('#INFO: save_file, ', u'https://www.liaoxuefeng.com/favicon.ico', u'favicon.ico')
('#INFO: save_file, ', u'http://www.o-k.la/gua.gif', u'gua.gif')
('#INFO: save_file, ', u'http://www.o-k.la/wp-content/themes/mrz/style.css', u'style.css')
('Error code:', 405)
('#INFO: save_file, ', u'http://www.o-k.la/wp-content/plugins/easy-video-player/lib/skin/skin.css?ver=4.5.20', u'skin.css')
('#INFO: save_file, ', u'http://www.o-k.la/wp-content/plugins/wp-syntax/css/wp-syntax.css?ver=1.0', u'wp-syntax.css')
('#INFO: save_file, ', u'http://www.o-k.la/wp-content/plugins/wp-pagenavi/pagenavi-css.css?ver=2.70', u'pagenavi-css.css')
('#INFO: save_file, ', u'http://www.o-k.la/xmlrpc.php?rsd', u'xmlrpc.php')
('#INFO: save_file, ', u'http://www.o-k.la/wp-includes/wlwmanifest.xml', u'wlwmanifest.xml')
